  main.cpp
C:\VS Projects\Chaos_Game_Repair\main.cpp(82,32): warning C4244: '=': conversion from 'int' to 'T', possible loss of data
          with
          [
              T=float
          ]
C:\VS Projects\Chaos_Game_Repair\main.cpp(83,32): warning C4244: '=': conversion from 'int' to 'T', possible loss of data
          with
          [
              T=float
          ]
C:\VS Projects\Chaos_Game_Repair\main.cpp(103,31): warning C4244: '=': conversion from 'int' to 'T', possible loss of data
          with
          [
              T=float
          ]
C:\VS Projects\Chaos_Game_Repair\main.cpp(104,31): warning C4244: '=': conversion from 'int' to 'T', possible loss of data
          with
          [
              T=float
          ]
  Chaos_Game_Repair.vcxproj -> C:\VS Projects\Chaos_Game_Repair\x64\Debug\Chaos_Game_Repair.exe
